d:\universidad\semestre vii\computacion grafica\compugrafica\practica 2\tetera\debug\vc142.pdb
d:\universidad\semestre vii\computacion grafica\compugrafica\practica 2\tetera\debug\vc142.idb
d:\universidad\semestre vii\computacion grafica\compugrafica\practica 2\tetera\debug\glapplication.obj
d:\universidad\semestre vii\computacion grafica\compugrafica\practica 2\tetera\debug\glsl.obj
d:\universidad\semestre vii\computacion grafica\compugrafica\practica 2\tetera\debug\glutwindow.obj
d:\universidad\semestre vii\computacion grafica\compugrafica\practica 2\tetera\debug\glwindow.obj
d:\universidad\semestre vii\computacion grafica\compugrafica\practica 2\tetera\debug\main.obj
d:\universidad\semestre vii\computacion grafica\compugrafica\practica 2\tetera\debug\freeglut_ext.obj
d:\universidad\semestre vii\computacion grafica\compugrafica\practica 2\tetera\debug\freeglut_font.obj
d:\universidad\semestre vii\computacion grafica\compugrafica\practica 2\tetera\debug\freeglut_font_data.obj
d:\universidad\semestre vii\computacion grafica\compugrafica\practica 2\tetera\debug\freeglut_gamemode.obj
d:\universidad\semestre vii\computacion grafica\compugrafica\practica 2\tetera\debug\freeglut_geometry.obj
d:\universidad\semestre vii\computacion grafica\compugrafica\practica 2\tetera\debug\freeglut_glutfont_definitions.obj
d:\universidad\semestre vii\computacion grafica\compugrafica\practica 2\tetera\debug\freeglut_init.obj
d:\universidad\semestre vii\computacion grafica\compugrafica\practica 2\tetera\debug\freeglut_joystick.obj
d:\universidad\semestre vii\computacion grafica\compugrafica\practica 2\tetera\debug\freeglut_main.obj
d:\universidad\semestre vii\computacion grafica\compugrafica\practica 2\tetera\debug\freeglut_menu.obj
d:\universidad\semestre vii\computacion grafica\compugrafica\practica 2\tetera\debug\freeglut_misc.obj
d:\universidad\semestre vii\computacion grafica\compugrafica\practica 2\tetera\debug\freeglut_overlay.obj
d:\universidad\semestre vii\computacion grafica\compugrafica\practica 2\tetera\debug\freeglut_state.obj
d:\universidad\semestre vii\computacion grafica\compugrafica\practica 2\tetera\debug\freeglut_stroke_mono_roman.obj
d:\universidad\semestre vii\computacion grafica\compugrafica\practica 2\tetera\debug\freeglut_stroke_roman.obj
d:\universidad\semestre vii\computacion grafica\compugrafica\practica 2\tetera\debug\freeglut_structure.obj
d:\universidad\semestre vii\computacion grafica\compugrafica\practica 2\tetera\debug\freeglut_teapot.obj
d:\universidad\semestre vii\computacion grafica\compugrafica\practica 2\tetera\debug\freeglut_videoresize.obj
d:\universidad\semestre vii\computacion grafica\compugrafica\practica 2\tetera\debug\freeglut_window.obj
d:\universidad\semestre vii\computacion grafica\compugrafica\practica 2\tetera\debug\glew.obj
d:\universidad\semestre vii\computacion grafica\compugrafica\practica 2\tetera\debug\freeglut_callbacks.obj
d:\universidad\semestre vii\computacion grafica\compugrafica\practica 2\tetera\debug\freeglut_cursor.obj
d:\universidad\semestre vii\computacion grafica\compugrafica\practica 2\tetera\debug\freeglut_display.obj
d:\universidad\semestre vii\computacion grafica\compugrafica\practica 2\tetera\debug\templateproject.pdb
d:\universidad\semestre vii\computacion grafica\compugrafica\practica 2\tetera\debug\templateproject.tlog\cl.command.1.tlog
d:\universidad\semestre vii\computacion grafica\compugrafica\practica 2\tetera\debug\templateproject.tlog\cl.read.1.tlog
d:\universidad\semestre vii\computacion grafica\compugrafica\practica 2\tetera\debug\templateproject.tlog\cl.write.1.tlog
d:\universidad\semestre vii\computacion grafica\compugrafica\practica 2\tetera\debug\templateproject.tlog\link-cvtres.read.1.tlog
d:\universidad\semestre vii\computacion grafica\compugrafica\practica 2\tetera\debug\templateproject.tlog\link-cvtres.write.1.tlog
d:\universidad\semestre vii\computacion grafica\compugrafica\practica 2\tetera\debug\templateproject.tlog\link-rc.read.1.tlog
d:\universidad\semestre vii\computacion grafica\compugrafica\practica 2\tetera\debug\templateproject.tlog\link-rc.write.1.tlog
d:\universidad\semestre vii\computacion grafica\compugrafica\practica 2\tetera\debug\templateproject.tlog\link.command.1.tlog
d:\universidad\semestre vii\computacion grafica\compugrafica\practica 2\tetera\debug\templateproject.tlog\link.read.1.tlog
d:\universidad\semestre vii\computacion grafica\compugrafica\practica 2\tetera\debug\templateproject.tlog\link.write.1.tlog
