cl : línea de comandos warning D9035: La opción 'Gm' está desusada y se quitará en próximas versiones
  main.cpp
  glWindow.cpp
  glutwindow.cpp
  glsl.cpp
D:\Universidad\Semestre VII\Computacion Grafica\CompuGrafica\Practica 2\Tetera\cwc\source\glsl.cpp(1351,22): warning C4244: 'inicializando': conversión de 'std::streamoff' a 'unsigned long'; posible pérdida de datos
D:\Universidad\Semestre VII\Computacion Grafica\CompuGrafica\Practica 2\Tetera\cwc\source\glsl.cpp(1353,23): warning C4244: 'inicializando': conversión de 'std::streamoff' a 'unsigned long'; posible pérdida de datos
  glApplication.cpp
  Generando código...
cl : línea de comandos warning D9035: La opción 'Gm' está desusada y se quitará en próximas versiones
  glew.c
  freeglut_window.c
  fgSetupPixelFormat(): there is still some work to do here!
  freeglut_videoresize.c
  freeglut_teapot.c
  freeglut_structure.c
  freeglut_stroke_roman.c
  freeglut_stroke_mono_roman.c
  freeglut_state.c
  freeglut_overlay.c
  freeglut_misc.c
  freeglut_menu.c
  freeglut_main.c
  freeglut_joystick.c
D:\Universidad\Semestre VII\Computacion Grafica\CompuGrafica\Practica 2\Tetera\freeglut\source\freeglut_joystick.c(1000,5): warning C4996: 'sprintf': This function or variable may be unsafe. Consider using sprintf_s instead. To disable deprecation, use _CRT_SECURE_NO_WARNINGS. See online help for details.
D:\Universidad\Semestre VII\Computacion Grafica\CompuGrafica\Practica 2\Tetera\freeglut\source\freeglut_joystick.c(1012,5): warning C4996: 'sprintf': This function or variable may be unsafe. Consider using sprintf_s instead. To disable deprecation, use _CRT_SECURE_NO_WARNINGS. See online help for details.
D:\Universidad\Semestre VII\Computacion Grafica\CompuGrafica\Practica 2\Tetera\freeglut\source\freeglut_joystick.c(1020,5): warning C4996: 'sprintf': This function or variable may be unsafe. Consider using sprintf_s instead. To disable deprecation, use _CRT_SECURE_NO_WARNINGS. See online help for details.
D:\Universidad\Semestre VII\Computacion Grafica\CompuGrafica\Practica 2\Tetera\freeglut\source\freeglut_joystick.c(1249,13): warning C4996: 'strncpy': This function or variable may be unsafe. Consider using strncpy_s instead. To disable deprecation, use _CRT_SECURE_NO_WARNINGS. See online help for details.
  freeglut_init.c
D:\Universidad\Semestre VII\Computacion Grafica\CompuGrafica\Practica 2\Tetera\freeglut\source\freeglut_init.c(520,27): warning C4996: 'getenv': This function or variable may be unsafe. Consider using _dupenv_s instead. To disable deprecation, use _CRT_SECURE_NO_WARNINGS. See online help for details.
D:\Universidad\Semestre VII\Computacion Grafica\CompuGrafica\Practica 2\Tetera\freeglut\source\freeglut_init.c(524,13): warning C4996: 'sscanf': This function or variable may be unsafe. Consider using sscanf_s instead. To disable deprecation, use _CRT_SECURE_NO_WARNINGS. See online help for details.
D:\Universidad\Semestre VII\Computacion Grafica\CompuGrafica\Practica 2\Tetera\freeglut\source\freeglut_init.c(533,19): warning C4996: 'getenv': This function or variable may be unsafe. Consider using _dupenv_s instead. To disable deprecation, use _CRT_SECURE_NO_WARNINGS. See online help for details.
D:\Universidad\Semestre VII\Computacion Grafica\CompuGrafica\Practica 2\Tetera\freeglut\source\freeglut_init.c(713,13): warning C4996: 'strtok': This function or variable may be unsafe. Consider using strtok_s instead. To disable deprecation, use _CRT_SECURE_NO_WARNINGS. See online help for details.
D:\Universidad\Semestre VII\Computacion Grafica\CompuGrafica\Practica 2\Tetera\freeglut\source\freeglut_init.c(883,17): warning C4996: 'strtok': This function or variable may be unsafe. Consider using strtok_s instead. To disable deprecation, use _CRT_SECURE_NO_WARNINGS. See online help for details.
  freeglut_glutfont_definitions.c
  freeglut_geometry.c
  freeglut_gamemode.c
D:\Universidad\Semestre VII\Computacion Grafica\CompuGrafica\Practica 2\Tetera\freeglut\source\freeglut_gamemode.c(393,9): warning C4996: 'sscanf': This function or variable may be unsafe. Consider using sscanf_s instead. To disable deprecation, use _CRT_SECURE_NO_WARNINGS. See online help for details.
D:\Universidad\Semestre VII\Computacion Grafica\CompuGrafica\Practica 2\Tetera\freeglut\source\freeglut_gamemode.c(395,13): warning C4996: 'sscanf': This function or variable may be unsafe. Consider using sscanf_s instead. To disable deprecation, use _CRT_SECURE_NO_WARNINGS. See online help for details.
D:\Universidad\Semestre VII\Computacion Grafica\CompuGrafica\Practica 2\Tetera\freeglut\source\freeglut_gamemode.c(396,17): warning C4996: 'sscanf': This function or variable may be unsafe. Consider using sscanf_s instead. To disable deprecation, use _CRT_SECURE_NO_WARNINGS. See online help for details.
D:\Universidad\Semestre VII\Computacion Grafica\CompuGrafica\Practica 2\Tetera\freeglut\source\freeglut_gamemode.c(397,21): warning C4996: 'sscanf': This function or variable may be unsafe. Consider using sscanf_s instead. To disable deprecation, use _CRT_SECURE_NO_WARNINGS. See online help for details.
D:\Universidad\Semestre VII\Computacion Grafica\CompuGrafica\Practica 2\Tetera\freeglut\source\freeglut_gamemode.c(398,25): warning C4996: 'sscanf': This function or variable may be unsafe. Consider using sscanf_s instead. To disable deprecation, use _CRT_SECURE_NO_WARNINGS. See online help for details.
D:\Universidad\Semestre VII\Computacion Grafica\CompuGrafica\Practica 2\Tetera\freeglut\source\freeglut_gamemode.c(399,29): warning C4996: 'sscanf': This function or variable may be unsafe. Consider using sscanf_s instead. To disable deprecation, use _CRT_SECURE_NO_WARNINGS. See online help for details.
D:\Universidad\Semestre VII\Computacion Grafica\CompuGrafica\Practica 2\Tetera\freeglut\source\freeglut_gamemode.c(400,33): warning C4996: 'sscanf': This function or variable may be unsafe. Consider using sscanf_s instead. To disable deprecation, use _CRT_SECURE_NO_WARNINGS. See online help for details.
  freeglut_font_data.c
  freeglut_font.c
  freeglut_ext.c
  Generando código...
  Compilando...
  freeglut_display.c
  freeglut_cursor.c
  freeglut_callbacks.c
  Generando código...
glApplication.obj : warning LNK4075: se omite '/EDITANDCONTINUE' debido a la especificación '/SAFESEH'
main.obj : error LNK2019: símbolo externo "public: __thiscall Torus::Torus(void)" (??0Torus@@QAE@XZ) sin resolver al que se hace referencia en la función "public: __thiscall myWindow::myWindow(void)" (??0myWindow@@QAE@XZ)
main.obj : error LNK2019: símbolo externo "public: void __thiscall Torus::dibujarTorus(float,float,float)" (?dibujarTorus@Torus@@QAEXMMM@Z) sin resolver al que se hace referencia en la función "public: virtual void __thiscall myWindow::OnRender(void)" (?OnRender@myWindow@@UAEXXZ)
main.obj : error LNK2019: símbolo externo "public: __thiscall Torus::~Torus(void)" (??1Torus@@QAE@XZ) sin resolver al que se hace referencia en la función "public: virtual __thiscall myWindow::~myWindow(void)" (??1myWindow@@UAE@XZ)
main.obj : error LNK2019: símbolo externo "public: __thiscall Triangulo::Triangulo(void)" (??0Triangulo@@QAE@XZ) sin resolver al que se hace referencia en la función "public: __thiscall myWindow::myWindow(void)" (??0myWindow@@QAE@XZ)
main.obj : error LNK2019: símbolo externo "public: void __thiscall Triangulo::dibujarTriangulo(float,float,float)" (?dibujarTriangulo@Triangulo@@QAEXMMM@Z) sin resolver al que se hace referencia en la función "public: virtual void __thiscall myWindow::OnRender(void)" (?OnRender@myWindow@@UAEXXZ)
main.obj : error LNK2019: símbolo externo "public: __thiscall Triangulo::~Triangulo(void)" (??1Triangulo@@QAE@XZ) sin resolver al que se hace referencia en la función __unwindfunclet$??0myWindow@@QAE@XZ$3
main.obj : error LNK2019: símbolo externo "public: __thiscall Tetera::Tetera(void)" (??0Tetera@@QAE@XZ) sin resolver al que se hace referencia en la función "public: __thiscall myWindow::myWindow(void)" (??0myWindow@@QAE@XZ)
main.obj : error LNK2019: símbolo externo "public: void __thiscall Tetera::dibujarTetera(float,float,float)" (?dibujarTetera@Tetera@@QAEXMMM@Z) sin resolver al que se hace referencia en la función "public: virtual void __thiscall myWindow::OnRender(void)" (?OnRender@myWindow@@UAEXXZ)
main.obj : error LNK2019: símbolo externo "public: __thiscall Tetera::~Tetera(void)" (??1Tetera@@QAE@XZ) sin resolver al que se hace referencia en la función __unwindfunclet$??0myWindow@@QAE@XZ$4
main.obj : error LNK2019: símbolo externo "public: __thiscall Arbol::Arbol(void)" (??0Arbol@@QAE@XZ) sin resolver al que se hace referencia en la función "public: __thiscall myWindow::myWindow(void)" (??0myWindow@@QAE@XZ)
main.obj : error LNK2019: símbolo externo "public: void __thiscall Arbol::dibujarArbol(float,float,float)" (?dibujarArbol@Arbol@@QAEXMMM@Z) sin resolver al que se hace referencia en la función "public: virtual void __thiscall myWindow::OnRender(void)" (?OnRender@myWindow@@UAEXXZ)
main.obj : error LNK2019: símbolo externo "public: __thiscall Arbol::~Arbol(void)" (??1Arbol@@QAE@XZ) sin resolver al que se hace referencia en la función __unwindfunclet$??0myWindow@@QAE@XZ$2
Debug\TemplateProject.exe : fatal error LNK1120: 12 externos sin resolver
